{"/Users/ngmm/m-workspace/admin-v2/src/api/login.js": {"path":"/Users/ngmm/m-workspace/admin-v2/src/api/login.js","statementMap":{"0":{"start":{"line":4,"column":2},"end":{"line":11,"column":4}},"1":{"start":{"line":15,"column":2},"end":{"line":19,"column":4}},"2":{"start":{"line":23,"column":2},"end":{"line":26,"column":4}}},"fnMap":{"0":{"name":"login","decl":{"start":{"line":3,"column":16},"end":{"line":3,"column":21}},"loc":{"start":{"line":3,"column":42},"end":{"line":12,"column":1}},"line":3},"1":{"name":"getInfo","decl":{"start":{"line":14,"column":16},"end":{"line":14,"column":23}},"loc":{"start":{"line":14,"column":31},"end":{"line":20,"column":1}},"line":14},"2":{"name":"logout","decl":{"start":{"line":22,"column":16},"end":{"line":22,"column":22}},"loc":{"start":{"line":22,"column":25},"end":{"line":27,"column":1}},"line":22}},"branchMap":{},"s":{"0":0,"1":0,"2":0},"f":{"0":0,"1":0,"2":0},"b":{},"_coverageSchema":"1a1c01bbd47fc00a2c39e90264f33305004495a9","hash":"54f43982be5e76bb1d9c56aaab9d9f2d8fd624dc"}
,"/Users/ngmm/m-workspace/admin-v2/src/api/user.js": {"path":"/Users/ngmm/m-workspace/admin-v2/src/api/user.js","statementMap":{"0":{"start":{"line":5,"column":2},"end":{"line":9,"column":4}},"1":{"start":{"line":15,"column":2},"end":{"line":19,"column":4}},"2":{"start":{"line":24,"column":2},"end":{"line":28,"column":4}}},"fnMap":{"0":{"name":"getUserList","decl":{"start":{"line":4,"column":16},"end":{"line":4,"column":27}},"loc":{"start":{"line":4,"column":36},"end":{"line":10,"column":1}},"line":4},"1":{"name":"updatePassword","decl":{"start":{"line":14,"column":16},"end":{"line":14,"column":30}},"loc":{"start":{"line":14,"column":37},"end":{"line":20,"column":1}},"line":14},"2":{"name":"resetPassword","decl":{"start":{"line":23,"column":16},"end":{"line":23,"column":29}},"loc":{"start":{"line":23,"column":36},"end":{"line":29,"column":1}},"line":23}},"branchMap":{},"s":{"0":0,"1":0,"2":0},"f":{"0":0,"1":0,"2":0},"b":{},"_coverageSchema":"1a1c01bbd47fc00a2c39e90264f33305004495a9","hash":"5bc923fba0b2893e4f9ec733569a972007b44d29"}
,"/Users/ngmm/m-workspace/admin-v2/src/components/Password.vue": {"path":"/Users/ngmm/m-workspace/admin-v2/src/components/Password.vue","statementMap":{"0":{"start":{"line":1,"column":0},"end":{"line":1,"column":null}}},"fnMap":{"0":{"name":"(anonymous_0)","decl":{"start":{"line":1,"column":0},"end":{"line":1,"column":null}},"loc":{"start":{"line":1,"column":0},"end":{"line":1,"column":null}}}},"branchMap":{"0":{"loc":{"start":{"line":1,"column":0},"end":{"line":1,"column":null}},"type":"cond-expr","locations":[{"start":{"line":1,"column":0},"end":{"line":1,"column":null}},{"start":{"line":1,"column":0},"end":{"line":1,"column":null}}]}},"s":{"0":3},"f":{"0":0},"b":{"0":[0,0]}}
,"/Users/ngmm/m-workspace/admin-v2/src/components/Breadcrumb/index.vue": {"path":"/Users/ngmm/m-workspace/admin-v2/src/components/Breadcrumb/index.vue","statementMap":{"0":{"start":{"line":1,"column":0},"end":{"line":1,"column":null}}},"fnMap":{"0":{"name":"(anonymous_0)","decl":{"start":{"line":1,"column":0},"end":{"line":1,"column":null}},"loc":{"start":{"line":1,"column":0},"end":{"line":1,"column":null}}}},"branchMap":{"0":{"loc":{"start":{"line":1,"column":0},"end":{"line":1,"column":null}},"type":"cond-expr","locations":[{"start":{"line":1,"column":0},"end":{"line":1,"column":null}},{"start":{"line":1,"column":0},"end":{"line":1,"column":null}}]}},"s":{"0":3},"f":{"0":0},"b":{"0":[0,0]}}
,"/Users/ngmm/m-workspace/admin-v2/src/components/Hamburger/index.vue": {"path":"/Users/ngmm/m-workspace/admin-v2/src/components/Hamburger/index.vue","statementMap":{"0":{"start":{"line":7,"column":0},"end":{"line":21,"column":null}},"1":{"start":{"line":1,"column":0},"end":{"line":1,"column":null}}},"fnMap":{"0":{"name":"(anonymous_0)","decl":{"start":{"line":1,"column":0},"end":{"line":1,"column":null}},"loc":{"start":{"line":1,"column":0},"end":{"line":1,"column":null}}}},"branchMap":{"0":{"loc":{"start":{"line":1,"column":0},"end":{"line":1,"column":null}},"type":"cond-expr","locations":[{"start":{"line":1,"column":0},"end":{"line":1,"column":null}},{"start":{"line":1,"column":0},"end":{"line":1,"column":null}}]}},"s":{"0":1,"1":3},"f":{"0":0},"b":{"0":[0,0]}}
,"/Users/ngmm/m-workspace/admin-v2/src/layout/index.vue": {"path":"/Users/ngmm/m-workspace/admin-v2/src/layout/index.vue","statementMap":{"0":{"start":{"line":1,"column":0},"end":{"line":1,"column":null}}},"fnMap":{"0":{"name":"(anonymous_0)","decl":{"start":{"line":1,"column":0},"end":{"line":1,"column":null}},"loc":{"start":{"line":1,"column":0},"end":{"line":1,"column":null}}}},"branchMap":{},"s":{"0":3},"f":{"0":0},"b":{}}
,"/Users/ngmm/m-workspace/admin-v2/src/layout/components/AppMain.vue": {"path":"/Users/ngmm/m-workspace/admin-v2/src/layout/components/AppMain.vue","statementMap":{"0":{"start":{"line":8,"column":0},"end":{"line":12,"column":null}},"1":{"start":{"line":1,"column":0},"end":{"line":1,"column":null}}},"fnMap":{"0":{"name":"(anonymous_0)","decl":{"start":{"line":1,"column":0},"end":{"line":1,"column":null}},"loc":{"start":{"line":1,"column":0},"end":{"line":1,"column":null}}}},"branchMap":{},"s":{"0":1,"1":3},"f":{"0":0},"b":{}}
,"/Users/ngmm/m-workspace/admin-v2/src/layout/components/Navbar.vue": {"path":"/Users/ngmm/m-workspace/admin-v2/src/layout/components/Navbar.vue","statementMap":{"0":{"start":{"line":1,"column":0},"end":{"line":1,"column":null}}},"fnMap":{"0":{"name":"(anonymous_0)","decl":{"start":{"line":1,"column":0},"end":{"line":1,"column":null}},"loc":{"start":{"line":1,"column":0},"end":{"line":1,"column":null}}}},"branchMap":{},"s":{"0":3},"f":{"0":0},"b":{}}
,"/Users/ngmm/m-workspace/admin-v2/src/layout/components/index.js": {"path":"/Users/ngmm/m-workspace/admin-v2/src/layout/components/index.js","statementMap":{},"fnMap":{},"branchMap":{},"s":{},"f":{},"b":{},"_coverageSchema":"1a1c01bbd47fc00a2c39e90264f33305004495a9","hash":"df8138530eb650e057ee84c39c1eed425f9f45c9"}
,"/Users/ngmm/m-workspace/admin-v2/src/layout/components/Sidebar/index.vue": {"path":"/Users/ngmm/m-workspace/admin-v2/src/layout/components/Sidebar/index.vue","statementMap":{"0":{"start":{"line":1,"column":0},"end":{"line":1,"column":null}}},"fnMap":{"0":{"name":"(anonymous_0)","decl":{"start":{"line":1,"column":0},"end":{"line":1,"column":null}},"loc":{"start":{"line":1,"column":0},"end":{"line":1,"column":null}}}},"branchMap":{},"s":{"0":3},"f":{"0":0},"b":{}}
,"/Users/ngmm/m-workspace/admin-v2/src/layout/components/Sidebar/item.vue": {"path":"/Users/ngmm/m-workspace/admin-v2/src/layout/components/Sidebar/item.vue","statementMap":{"0":{"start":{"line":1,"column":0},"end":{"line":1,"column":null}}},"fnMap":{"0":{"name":"(anonymous_0)","decl":{"start":{"line":1,"column":0},"end":{"line":1,"column":null}},"loc":{"start":{"line":1,"column":0},"end":{"line":1,"column":null}}}},"branchMap":{"0":{"loc":{"start":{"line":1,"column":0},"end":{"line":1,"column":null}},"type":"cond-expr","locations":[{"start":{"line":1,"column":0},"end":{"line":1,"column":null}},{"start":{"line":1,"column":0},"end":{"line":1,"column":null}}]}},"s":{"0":3},"f":{"0":0},"b":{"0":[0,0]}}
,"/Users/ngmm/m-workspace/admin-v2/src/router/index.js": {"path":"/Users/ngmm/m-workspace/admin-v2/src/router/index.js","statementMap":{"0":{"start":{"line":8,"column":0},"end":{"line":8,"column":15}},"1":{"start":{"line":10,"column":21},"end":{"line":10,"column":42}},"2":{"start":{"line":11,"column":0},"end":{"line":13,"column":1}},"3":{"start":{"line":12,"column":2},"end":{"line":12,"column":60}},"4":{"start":{"line":12,"column":56},"end":{"line":12,"column":59}},"5":{"start":{"line":15,"column":30},"end":{"line":35,"column":1}},"6":{"start":{"line":18,"column":21},"end":{"line":18,"column":50}},"7":{"start":{"line":30,"column":25},"end":{"line":30,"column":58}},"8":{"start":{"line":37,"column":15},"end":{"line":40,"column":2}},"9":{"start":{"line":42,"column":18},"end":{"line":42,"column":36}},"10":{"start":{"line":44,"column":0},"end":{"line":72,"column":2}},"11":{"start":{"line":45,"column":19},"end":{"line":45,"column":29}},"12":{"start":{"line":47,"column":2},"end":{"line":71,"column":3}},"13":{"start":{"line":48,"column":4},"end":{"line":61,"column":5}},"14":{"start":{"line":50,"column":6},"end":{"line":50,"column":34}},"15":{"start":{"line":52,"column":6},"end":{"line":60,"column":7}},"16":{"start":{"line":54,"column":8},"end":{"line":54,"column":14}},"17":{"start":{"line":57,"column":8},"end":{"line":57,"column":21}},"18":{"start":{"line":58,"column":8},"end":{"line":58,"column":41}},"19":{"start":{"line":59,"column":8},"end":{"line":59,"column":42}},"20":{"start":{"line":64,"column":4},"end":{"line":70,"column":5}},"21":{"start":{"line":66,"column":6},"end":{"line":66,"column":12}},"22":{"start":{"line":69,"column":6},"end":{"line":69,"column":40}}},"fnMap":{"0":{"name":"push","decl":{"start":{"line":11,"column":33},"end":{"line":11,"column":37}},"loc":{"start":{"line":11,"column":48},"end":{"line":13,"column":1}},"line":11},"1":{"name":"(anonymous_1)","decl":{"start":{"line":12,"column":49},"end":{"line":12,"column":50}},"loc":{"start":{"line":12,"column":56},"end":{"line":12,"column":59}},"line":12},"2":{"name":"(anonymous_2)","decl":{"start":{"line":18,"column":15},"end":{"line":18,"column":16}},"loc":{"start":{"line":18,"column":21},"end":{"line":18,"column":50}},"line":18},"3":{"name":"(anonymous_3)","decl":{"start":{"line":30,"column":19},"end":{"line":30,"column":20}},"loc":{"start":{"line":30,"column":25},"end":{"line":30,"column":58}},"line":30},"4":{"name":"(anonymous_4)","decl":{"start":{"line":44,"column":18},"end":{"line":44,"column":19}},"loc":{"start":{"line":44,"column":43},"end":{"line":72,"column":1}},"line":44}},"branchMap":{"0":{"loc":{"start":{"line":47,"column":2},"end":{"line":71,"column":3}},"type":"if","locations":[{"start":{"line":47,"column":2},"end":{"line":71,"column":3}},{"start":{"line":62,"column":9},"end":{"line":71,"column":3}}],"line":47},"1":{"loc":{"start":{"line":48,"column":4},"end":{"line":61,"column":5}},"type":"if","locations":[{"start":{"line":48,"column":4},"end":{"line":61,"column":5}},{"start":{"line":51,"column":11},"end":{"line":61,"column":5}}],"line":48},"2":{"loc":{"start":{"line":64,"column":4},"end":{"line":70,"column":5}},"type":"if","locations":[{"start":{"line":64,"column":4},"end":{"line":70,"column":5}},{"start":{"line":67,"column":11},"end":{"line":70,"column":5}}],"line":64}},"s":{"0":1,"1":1,"2":1,"3":0,"4":0,"5":1,"6":1,"7":0,"8":1,"9":1,"10":1,"11":2,"12":2,"13":0,"14":0,"15":0,"16":0,"17":0,"18":0,"19":0,"20":2,"21":1,"22":1},"f":{"0":0,"1":0,"2":1,"3":0,"4":2},"b":{"0":[0,2],"1":[0,0],"2":[1,1]},"_coverageSchema":"1a1c01bbd47fc00a2c39e90264f33305004495a9","hash":"fe73ed3def531d9efbebdde8d545e6f65efcc001"}
,"/Users/ngmm/m-workspace/admin-v2/src/router/modules/menu.js": {"path":"/Users/ngmm/m-workspace/admin-v2/src/router/modules/menu.js","statementMap":{"0":{"start":{"line":9,"column":21},"end":{"line":9,"column":54}},"1":{"start":{"line":16,"column":21},"end":{"line":16,"column":52}},"2":{"start":{"line":30,"column":25},"end":{"line":30,"column":54}},"3":{"start":{"line":37,"column":25},"end":{"line":37,"column":54}},"4":{"start":{"line":47,"column":21},"end":{"line":47,"column":53}},"5":{"start":{"line":62,"column":25},"end":{"line":62,"column":55}},"6":{"start":{"line":68,"column":25},"end":{"line":68,"column":55}},"7":{"start":{"line":78,"column":21},"end":{"line":78,"column":48}},"8":{"start":{"line":85,"column":21},"end":{"line":85,"column":53}},"9":{"start":{"line":105,"column":29},"end":{"line":105,"column":61}},"10":{"start":{"line":112,"column":29},"end":{"line":112,"column":63}},"11":{"start":{"line":119,"column":29},"end":{"line":119,"column":65}},"12":{"start":{"line":126,"column":29},"end":{"line":126,"column":65}},"13":{"start":{"line":142,"column":29},"end":{"line":142,"column":62}},"14":{"start":{"line":149,"column":29},"end":{"line":149,"column":64}}},"fnMap":{"0":{"name":"(anonymous_0)","decl":{"start":{"line":9,"column":15},"end":{"line":9,"column":16}},"loc":{"start":{"line":9,"column":21},"end":{"line":9,"column":54}},"line":9},"1":{"name":"(anonymous_1)","decl":{"start":{"line":16,"column":15},"end":{"line":16,"column":16}},"loc":{"start":{"line":16,"column":21},"end":{"line":16,"column":52}},"line":16},"2":{"name":"(anonymous_2)","decl":{"start":{"line":30,"column":19},"end":{"line":30,"column":20}},"loc":{"start":{"line":30,"column":25},"end":{"line":30,"column":54}},"line":30},"3":{"name":"(anonymous_3)","decl":{"start":{"line":37,"column":19},"end":{"line":37,"column":20}},"loc":{"start":{"line":37,"column":25},"end":{"line":37,"column":54}},"line":37},"4":{"name":"(anonymous_4)","decl":{"start":{"line":47,"column":15},"end":{"line":47,"column":16}},"loc":{"start":{"line":47,"column":21},"end":{"line":47,"column":53}},"line":47},"5":{"name":"(anonymous_5)","decl":{"start":{"line":62,"column":19},"end":{"line":62,"column":20}},"loc":{"start":{"line":62,"column":25},"end":{"line":62,"column":55}},"line":62},"6":{"name":"(anonymous_6)","decl":{"start":{"line":68,"column":19},"end":{"line":68,"column":20}},"loc":{"start":{"line":68,"column":25},"end":{"line":68,"column":55}},"line":68},"7":{"name":"(anonymous_7)","decl":{"start":{"line":78,"column":15},"end":{"line":78,"column":16}},"loc":{"start":{"line":78,"column":21},"end":{"line":78,"column":48}},"line":78},"8":{"name":"(anonymous_8)","decl":{"start":{"line":85,"column":15},"end":{"line":85,"column":16}},"loc":{"start":{"line":85,"column":21},"end":{"line":85,"column":53}},"line":85},"9":{"name":"(anonymous_9)","decl":{"start":{"line":105,"column":23},"end":{"line":105,"column":24}},"loc":{"start":{"line":105,"column":29},"end":{"line":105,"column":61}},"line":105},"10":{"name":"(anonymous_10)","decl":{"start":{"line":112,"column":23},"end":{"line":112,"column":24}},"loc":{"start":{"line":112,"column":29},"end":{"line":112,"column":63}},"line":112},"11":{"name":"(anonymous_11)","decl":{"start":{"line":119,"column":23},"end":{"line":119,"column":24}},"loc":{"start":{"line":119,"column":29},"end":{"line":119,"column":65}},"line":119},"12":{"name":"(anonymous_12)","decl":{"start":{"line":126,"column":23},"end":{"line":126,"column":24}},"loc":{"start":{"line":126,"column":29},"end":{"line":126,"column":65}},"line":126},"13":{"name":"(anonymous_13)","decl":{"start":{"line":142,"column":23},"end":{"line":142,"column":24}},"loc":{"start":{"line":142,"column":29},"end":{"line":142,"column":62}},"line":142},"14":{"name":"(anonymous_14)","decl":{"start":{"line":149,"column":23},"end":{"line":149,"column":24}},"loc":{"start":{"line":149,"column":29},"end":{"line":149,"column":64}},"line":149}},"branchMap":{},"s":{"0":0,"1":0,"2":0,"3":0,"4":0,"5":0,"6":0,"7":0,"8":0,"9":0,"10":0,"11":0,"12":0,"13":0,"14":0},"f":{"0":0,"1":0,"2":0,"3":0,"4":0,"5":0,"6":0,"7":0,"8":0,"9":0,"10":0,"11":0,"12":0,"13":0,"14":0},"b":{},"_coverageSchema":"1a1c01bbd47fc00a2c39e90264f33305004495a9","hash":"946fd60a38a7b062fa162e5c5dddadf535571628"}
,"/Users/ngmm/m-workspace/admin-v2/src/store/index.js": {"path":"/Users/ngmm/m-workspace/admin-v2/src/store/index.js","statementMap":{"0":{"start":{"line":7,"column":0},"end":{"line":7,"column":13}},"1":{"start":{"line":9,"column":16},"end":{"line":15,"column":1}},"2":{"start":{"line":10,"column":26},"end":{"line":10,"column":46}},"3":{"start":{"line":14,"column":25},"end":{"line":14,"column":48}}},"fnMap":{"0":{"name":"(anonymous_0)","decl":{"start":{"line":10,"column":17},"end":{"line":10,"column":18}},"loc":{"start":{"line":10,"column":26},"end":{"line":10,"column":46}},"line":10},"1":{"name":"(anonymous_1)","decl":{"start":{"line":14,"column":16},"end":{"line":14,"column":17}},"loc":{"start":{"line":14,"column":25},"end":{"line":14,"column":48}},"line":14}},"branchMap":{},"s":{"0":1,"1":1,"2":0,"3":0},"f":{"0":0,"1":0},"b":{},"_coverageSchema":"1a1c01bbd47fc00a2c39e90264f33305004495a9","hash":"5da6053ca4ce2bfeb69d77c8148832d40c71a240"}
,"/Users/ngmm/m-workspace/admin-v2/src/store/modules/data.js": {"path":"/Users/ngmm/m-workspace/admin-v2/src/store/modules/data.js","statementMap":{"0":{"start":{"line":1,"column":14},"end":{"line":3,"column":1}},"1":{"start":{"line":5,"column":18},"end":{"line":9,"column":1}},"2":{"start":{"line":7,"column":4},"end":{"line":7,"column":30}},"3":{"start":{"line":11,"column":16},"end":{"line":15,"column":1}},"4":{"start":{"line":13,"column":4},"end":{"line":13,"column":38}}},"fnMap":{"0":{"name":"(anonymous_0)","decl":{"start":{"line":6,"column":21},"end":{"line":6,"column":22}},"loc":{"start":{"line":6,"column":38},"end":{"line":8,"column":3}},"line":6},"1":{"name":"(anonymous_1)","decl":{"start":{"line":12,"column":19},"end":{"line":12,"column":20}},"loc":{"start":{"line":12,"column":41},"end":{"line":14,"column":3}},"line":12}},"branchMap":{},"s":{"0":1,"1":1,"2":0,"3":1,"4":0},"f":{"0":0,"1":0},"b":{},"_coverageSchema":"1a1c01bbd47fc00a2c39e90264f33305004495a9","hash":"b865770992cb0ea8b4aff14d655871fb0cd0faa1"}
,"/Users/ngmm/m-workspace/admin-v2/src/store/modules/sidebar.js": {"path":"/Users/ngmm/m-workspace/admin-v2/src/store/modules/sidebar.js","statementMap":{"0":{"start":{"line":1,"column":14},"end":{"line":3,"column":1}},"1":{"start":{"line":5,"column":18},"end":{"line":9,"column":1}},"2":{"start":{"line":7,"column":4},"end":{"line":7,"column":32}},"3":{"start":{"line":11,"column":16},"end":{"line":13,"column":1}},"4":{"start":{"line":12,"column":33},"end":{"line":12,"column":57}}},"fnMap":{"0":{"name":"(anonymous_0)","decl":{"start":{"line":6,"column":18},"end":{"line":6,"column":19}},"loc":{"start":{"line":6,"column":27},"end":{"line":8,"column":3}},"line":6},"1":{"name":"(anonymous_1)","decl":{"start":{"line":12,"column":17},"end":{"line":12,"column":18}},"loc":{"start":{"line":12,"column":33},"end":{"line":12,"column":57}},"line":12}},"branchMap":{},"s":{"0":1,"1":1,"2":0,"3":1,"4":0},"f":{"0":0,"1":0},"b":{},"_coverageSchema":"1a1c01bbd47fc00a2c39e90264f33305004495a9","hash":"0fd5b03425d2c4a2e91a230b725326a625130324"}
,"/Users/ngmm/m-workspace/admin-v2/src/store/modules/user.js": {"path":"/Users/ngmm/m-workspace/admin-v2/src/store/modules/user.js","statementMap":{"0":{"start":{"line":4,"column":13},"end":{"line":86,"column":1}},"1":{"start":{"line":16,"column":6},"end":{"line":16,"column":25}},"2":{"start":{"line":19,"column":6},"end":{"line":19,"column":23}},"3":{"start":{"line":22,"column":6},"end":{"line":22,"column":27}},"4":{"start":{"line":25,"column":6},"end":{"line":25,"column":25}},"5":{"start":{"line":32,"column":23},"end":{"line":32,"column":47}},"6":{"start":{"line":33,"column":6},"end":{"line":45,"column":8}},"7":{"start":{"line":34,"column":8},"end":{"line":44,"column":12}},"8":{"start":{"line":36,"column":29},"end":{"line":36,"column":37}},"9":{"start":{"line":37,"column":12},"end":{"line":37,"column":43}},"10":{"start":{"line":38,"column":12},"end":{"line":38,"column":32}},"11":{"start":{"line":39,"column":12},"end":{"line":39,"column":54}},"12":{"start":{"line":40,"column":12},"end":{"line":40,"column":21}},"13":{"start":{"line":43,"column":12},"end":{"line":43,"column":25}},"14":{"start":{"line":50,"column":6},"end":{"line":66,"column":8}},"15":{"start":{"line":51,"column":8},"end":{"line":65,"column":12}},"16":{"start":{"line":53,"column":29},"end":{"line":53,"column":37}},"17":{"start":{"line":54,"column":12},"end":{"line":58,"column":13}},"18":{"start":{"line":55,"column":14},"end":{"line":55,"column":45}},"19":{"start":{"line":57,"column":14},"end":{"line":57,"column":64}},"20":{"start":{"line":59,"column":12},"end":{"line":59,"column":41}},"21":{"start":{"line":60,"column":12},"end":{"line":60,"column":45}},"22":{"start":{"line":61,"column":12},"end":{"line":61,"column":25}},"23":{"start":{"line":64,"column":12},"end":{"line":64,"column":25}},"24":{"start":{"line":71,"column":6},"end":{"line":83,"column":8}},"25":{"start":{"line":72,"column":8},"end":{"line":82,"column":12}},"26":{"start":{"line":74,"column":12},"end":{"line":74,"column":35}},"27":{"start":{"line":75,"column":12},"end":{"line":75,"column":35}},"28":{"start":{"line":76,"column":12},"end":{"line":76,"column":25}},"29":{"start":{"line":77,"column":12},"end":{"line":77,"column":45}},"30":{"start":{"line":78,"column":12},"end":{"line":78,"column":21}},"31":{"start":{"line":81,"column":12},"end":{"line":81,"column":25}}},"fnMap":{"0":{"name":"(anonymous_0)","decl":{"start":{"line":15,"column":15},"end":{"line":15,"column":16}},"loc":{"start":{"line":15,"column":33},"end":{"line":17,"column":5}},"line":15},"1":{"name":"(anonymous_1)","decl":{"start":{"line":18,"column":14},"end":{"line":18,"column":15}},"loc":{"start":{"line":18,"column":31},"end":{"line":20,"column":5}},"line":18},"2":{"name":"(anonymous_2)","decl":{"start":{"line":21,"column":16},"end":{"line":21,"column":17}},"loc":{"start":{"line":21,"column":35},"end":{"line":23,"column":5}},"line":21},"3":{"name":"(anonymous_3)","decl":{"start":{"line":24,"column":15},"end":{"line":24,"column":16}},"loc":{"start":{"line":24,"column":33},"end":{"line":26,"column":5}},"line":24},"4":{"name":"(anonymous_4)","decl":{"start":{"line":31,"column":4},"end":{"line":31,"column":5}},"loc":{"start":{"line":31,"column":32},"end":{"line":46,"column":5}},"line":31},"5":{"name":"(anonymous_5)","decl":{"start":{"line":33,"column":25},"end":{"line":33,"column":26}},"loc":{"start":{"line":33,"column":46},"end":{"line":45,"column":7}},"line":33},"6":{"name":"(anonymous_6)","decl":{"start":{"line":35,"column":16},"end":{"line":35,"column":17}},"loc":{"start":{"line":35,"column":28},"end":{"line":41,"column":11}},"line":35},"7":{"name":"(anonymous_7)","decl":{"start":{"line":42,"column":17},"end":{"line":42,"column":18}},"loc":{"start":{"line":42,"column":26},"end":{"line":44,"column":11}},"line":42},"8":{"name":"(anonymous_8)","decl":{"start":{"line":49,"column":4},"end":{"line":49,"column":5}},"loc":{"start":{"line":49,"column":31},"end":{"line":67,"column":5}},"line":49},"9":{"name":"(anonymous_9)","decl":{"start":{"line":50,"column":25},"end":{"line":50,"column":26}},"loc":{"start":{"line":50,"column":46},"end":{"line":66,"column":7}},"line":50},"10":{"name":"(anonymous_10)","decl":{"start":{"line":52,"column":16},"end":{"line":52,"column":17}},"loc":{"start":{"line":52,"column":28},"end":{"line":62,"column":11}},"line":52},"11":{"name":"(anonymous_11)","decl":{"start":{"line":63,"column":17},"end":{"line":63,"column":18}},"loc":{"start":{"line":63,"column":26},"end":{"line":65,"column":11}},"line":63},"12":{"name":"(anonymous_12)","decl":{"start":{"line":70,"column":4},"end":{"line":70,"column":5}},"loc":{"start":{"line":70,"column":30},"end":{"line":84,"column":5}},"line":70},"13":{"name":"(anonymous_13)","decl":{"start":{"line":71,"column":25},"end":{"line":71,"column":26}},"loc":{"start":{"line":71,"column":46},"end":{"line":83,"column":7}},"line":71},"14":{"name":"(anonymous_14)","decl":{"start":{"line":73,"column":16},"end":{"line":73,"column":17}},"loc":{"start":{"line":73,"column":22},"end":{"line":79,"column":11}},"line":73},"15":{"name":"(anonymous_15)","decl":{"start":{"line":80,"column":17},"end":{"line":80,"column":18}},"loc":{"start":{"line":80,"column":26},"end":{"line":82,"column":11}},"line":80}},"branchMap":{"0":{"loc":{"start":{"line":54,"column":12},"end":{"line":58,"column":13}},"type":"if","locations":[{"start":{"line":54,"column":12},"end":{"line":58,"column":13}},{"start":{"line":56,"column":19},"end":{"line":58,"column":13}}],"line":54},"1":{"loc":{"start":{"line":54,"column":16},"end":{"line":54,"column":51}},"type":"binary-expr","locations":[{"start":{"line":54,"column":16},"end":{"line":54,"column":26}},{"start":{"line":54,"column":30},"end":{"line":54,"column":51}}],"line":54}},"s":{"0":1,"1":0,"2":0,"3":0,"4":0,"5":0,"6":0,"7":0,"8":0,"9":0,"10":0,"11":0,"12":0,"13":0,"14":0,"15":0,"16":0,"17":0,"18":0,"19":0,"20":0,"21":0,"22":0,"23":0,"24":0,"25":0,"26":0,"27":0,"28":0,"29":0,"30":0,"31":0},"f":{"0":0,"1":0,"2":0,"3":0,"4":0,"5":0,"6":0,"7":0,"8":0,"9":0,"10":0,"11":0,"12":0,"13":0,"14":0,"15":0},"b":{"0":[0,0],"1":[0,0]},"_coverageSchema":"1a1c01bbd47fc00a2c39e90264f33305004495a9","hash":"711f81420f4d5e62c9698c23680b67741d83aa43"}
,"/Users/ngmm/m-workspace/admin-v2/src/utils/auth.js": {"path":"/Users/ngmm/m-workspace/admin-v2/src/utils/auth.js","statementMap":{"0":{"start":{"line":3,"column":17},"end":{"line":3,"column":30}},"1":{"start":{"line":6,"column":2},"end":{"line":6,"column":30}},"2":{"start":{"line":10,"column":2},"end":{"line":10,"column":37}},"3":{"start":{"line":14,"column":2},"end":{"line":14,"column":33}}},"fnMap":{"0":{"name":"getToken","decl":{"start":{"line":5,"column":16},"end":{"line":5,"column":24}},"loc":{"start":{"line":5,"column":27},"end":{"line":7,"column":1}},"line":5},"1":{"name":"setToken","decl":{"start":{"line":9,"column":16},"end":{"line":9,"column":24}},"loc":{"start":{"line":9,"column":32},"end":{"line":11,"column":1}},"line":9},"2":{"name":"removeToken","decl":{"start":{"line":13,"column":16},"end":{"line":13,"column":27}},"loc":{"start":{"line":13,"column":30},"end":{"line":15,"column":1}},"line":13}},"branchMap":{},"s":{"0":1,"1":3,"2":0,"3":0},"f":{"0":3,"1":0,"2":0},"b":{},"_coverageSchema":"1a1c01bbd47fc00a2c39e90264f33305004495a9","hash":"137277fac9f7ba19bd6322de89d38cd21f1728ff"}
,"/Users/ngmm/m-workspace/admin-v2/src/utils/request.js": {"path":"/Users/ngmm/m-workspace/admin-v2/src/utils/request.js","statementMap":{"0":{"start":{"line":9,"column":16},"end":{"line":12,"column":2}},"1":{"start":{"line":15,"column":22},"end":{"line":15,"column":67}},"2":{"start":{"line":18,"column":0},"end":{"line":41,"column":1}},"3":{"start":{"line":21,"column":22},"end":{"line":21,"column":55}},"4":{"start":{"line":24,"column":4},"end":{"line":31,"column":5}},"5":{"start":{"line":25,"column":20},"end":{"line":25,"column":30}},"6":{"start":{"line":26,"column":6},"end":{"line":30,"column":7}},"7":{"start":{"line":29,"column":8},"end":{"line":29,"column":59}},"8":{"start":{"line":32,"column":4},"end":{"line":34,"column":5}},"9":{"start":{"line":33,"column":6},"end":{"line":33,"column":40}},"10":{"start":{"line":35,"column":4},"end":{"line":35,"column":17}},"11":{"start":{"line":38,"column":4},"end":{"line":38,"column":22}},"12":{"start":{"line":39,"column":4},"end":{"line":39,"column":32}},"13":{"start":{"line":44,"column":0},"end":{"line":93,"column":1}},"14":{"start":{"line":46,"column":14},"end":{"line":46,"column":27}},"15":{"start":{"line":47,"column":4},"end":{"line":47,"column":18}},"16":{"start":{"line":48,"column":4},"end":{"line":78,"column":5}},"17":{"start":{"line":50,"column":6},"end":{"line":76,"column":7}},"18":{"start":{"line":51,"column":8},"end":{"line":68,"column":10}},"19":{"start":{"line":60,"column":10},"end":{"line":65,"column":12}},"20":{"start":{"line":61,"column":12},"end":{"line":64,"column":14}},"21":{"start":{"line":70,"column":8},"end":{"line":74,"column":10}},"22":{"start":{"line":75,"column":8},"end":{"line":75,"column":34}},"23":{"start":{"line":77,"column":6},"end":{"line":77,"column":60}},"24":{"start":{"line":79,"column":4},"end":{"line":81,"column":5}},"25":{"start":{"line":80,"column":6},"end":{"line":80,"column":49}},"26":{"start":{"line":82,"column":4},"end":{"line":82,"column":14}},"27":{"start":{"line":85,"column":4},"end":{"line":85,"column":30}},"28":{"start":{"line":86,"column":4},"end":{"line":90,"column":6}},"29":{"start":{"line":91,"column":4},"end":{"line":91,"column":32}},"30":{"start":{"line":96,"column":2},"end":{"line":96,"column":60}},"31":{"start":{"line":100,"column":16},"end":{"line":100,"column":61}},"32":{"start":{"line":101,"column":2},"end":{"line":101,"column":42}}},"fnMap":{"0":{"name":"(anonymous_0)","decl":{"start":{"line":19,"column":2},"end":{"line":19,"column":3}},"loc":{"start":{"line":19,"column":12},"end":{"line":36,"column":3}},"line":19},"1":{"name":"(anonymous_1)","decl":{"start":{"line":37,"column":2},"end":{"line":37,"column":3}},"loc":{"start":{"line":37,"column":11},"end":{"line":40,"column":3}},"line":37},"2":{"name":"(anonymous_2)","decl":{"start":{"line":45,"column":2},"end":{"line":45,"column":3}},"loc":{"start":{"line":45,"column":14},"end":{"line":83,"column":3}},"line":45},"3":{"name":"(anonymous_3)","decl":{"start":{"line":59,"column":15},"end":{"line":59,"column":16}},"loc":{"start":{"line":59,"column":21},"end":{"line":66,"column":9}},"line":59},"4":{"name":"(anonymous_4)","decl":{"start":{"line":60,"column":45},"end":{"line":60,"column":46}},"loc":{"start":{"line":60,"column":51},"end":{"line":65,"column":11}},"line":60},"5":{"name":"(anonymous_5)","decl":{"start":{"line":66,"column":17},"end":{"line":66,"column":18}},"loc":{"start":{"line":66,"column":23},"end":{"line":68,"column":9}},"line":66},"6":{"name":"(anonymous_6)","decl":{"start":{"line":84,"column":2},"end":{"line":84,"column":3}},"loc":{"start":{"line":84,"column":11},"end":{"line":92,"column":3}},"line":84},"7":{"name":"encrypt","decl":{"start":{"line":95,"column":9},"end":{"line":95,"column":16}},"loc":{"start":{"line":95,"column":23},"end":{"line":97,"column":1}},"line":95},"8":{"name":"decrypt","decl":{"start":{"line":99,"column":9},"end":{"line":99,"column":16}},"loc":{"start":{"line":99,"column":28},"end":{"line":102,"column":1}},"line":99}},"branchMap":{"0":{"loc":{"start":{"line":24,"column":4},"end":{"line":31,"column":5}},"type":"if","locations":[{"start":{"line":24,"column":4},"end":{"line":31,"column":5}},{"start":{},"end":{}}],"line":24},"1":{"loc":{"start":{"line":26,"column":6},"end":{"line":30,"column":7}},"type":"if","locations":[{"start":{"line":26,"column":6},"end":{"line":30,"column":7}},{"start":{},"end":{}}],"line":26},"2":{"loc":{"start":{"line":32,"column":4},"end":{"line":34,"column":5}},"type":"if","locations":[{"start":{"line":32,"column":4},"end":{"line":34,"column":5}},{"start":{},"end":{}}],"line":32},"3":{"loc":{"start":{"line":32,"column":8},"end":{"line":32,"column":49}},"type":"binary-expr","locations":[{"start":{"line":32,"column":8},"end":{"line":32,"column":21}},{"start":{"line":32,"column":25},"end":{"line":32,"column":49}}],"line":32},"4":{"loc":{"start":{"line":48,"column":4},"end":{"line":78,"column":5}},"type":"if","locations":[{"start":{"line":48,"column":4},"end":{"line":78,"column":5}},{"start":{},"end":{}}],"line":48},"5":{"loc":{"start":{"line":50,"column":6},"end":{"line":76,"column":7}},"type":"if","locations":[{"start":{"line":50,"column":6},"end":{"line":76,"column":7}},{"start":{"line":69,"column":13},"end":{"line":76,"column":7}}],"line":50},"6":{"loc":{"start":{"line":77,"column":38},"end":{"line":77,"column":58}},"type":"binary-expr","locations":[{"start":{"line":77,"column":38},"end":{"line":77,"column":49}},{"start":{"line":77,"column":53},"end":{"line":77,"column":58}}],"line":77},"7":{"loc":{"start":{"line":79,"column":4},"end":{"line":81,"column":5}},"type":"if","locations":[{"start":{"line":79,"column":4},"end":{"line":81,"column":5}},{"start":{},"end":{}}],"line":79}},"s":{"0":1,"1":1,"2":1,"3":0,"4":0,"5":0,"6":0,"7":0,"8":0,"9":0,"10":0,"11":0,"12":0,"13":1,"14":0,"15":0,"16":0,"17":0,"18":0,"19":0,"20":0,"21":0,"22":0,"23":0,"24":0,"25":0,"26":0,"27":0,"28":0,"29":0,"30":0,"31":0,"32":0},"f":{"0":0,"1":0,"2":0,"3":0,"4":0,"5":0,"6":0,"7":0,"8":0},"b":{"0":[0,0],"1":[0,0],"2":[0,0],"3":[0,0],"4":[0,0],"5":[0,0],"6":[0,0],"7":[0,0]},"_coverageSchema":"1a1c01bbd47fc00a2c39e90264f33305004495a9","hash":"13a08784cadc7ea5cf78642335398464c78e2cb7"}
,"/Users/ngmm/m-workspace/admin-v2/src/utils/support.js": {"path":"/Users/ngmm/m-workspace/admin-v2/src/utils/support.js","statementMap":{"0":{"start":{"line":2,"column":17},"end":{"line":2,"column":29}},"1":{"start":{"line":4,"column":2},"end":{"line":4,"column":32}},"2":{"start":{"line":8,"column":2},"end":{"line":8,"column":58}},"3":{"start":{"line":12,"column":2},"end":{"line":12,"column":52}},"4":{"start":{"line":16,"column":2},"end":{"line":16,"column":25}}},"fnMap":{"0":{"name":"getSupport","decl":{"start":{"line":3,"column":16},"end":{"line":3,"column":26}},"loc":{"start":{"line":3,"column":29},"end":{"line":5,"column":1}},"line":3},"1":{"name":"setSupport","decl":{"start":{"line":7,"column":16},"end":{"line":7,"column":26}},"loc":{"start":{"line":7,"column":38},"end":{"line":9,"column":1}},"line":7},"2":{"name":"setCookie","decl":{"start":{"line":11,"column":16},"end":{"line":11,"column":25}},"loc":{"start":{"line":11,"column":45},"end":{"line":13,"column":1}},"line":11},"3":{"name":"getCookie","decl":{"start":{"line":15,"column":16},"end":{"line":15,"column":25}},"loc":{"start":{"line":15,"column":31},"end":{"line":17,"column":1}},"line":15}},"branchMap":{},"s":{"0":1,"1":0,"2":0,"3":0,"4":2},"f":{"0":0,"1":0,"2":0,"3":2},"b":{},"_coverageSchema":"1a1c01bbd47fc00a2c39e90264f33305004495a9","hash":"42bd4d2aa1ab9024176acd0f95cf3ab6ac5c8b13"}
,"/Users/ngmm/m-workspace/admin-v2/src/utils/validate.js": {"path":"/Users/ngmm/m-workspace/admin-v2/src/utils/validate.js","statementMap":{"0":{"start":{"line":4,"column":2},"end":{"line":4,"column":29}},"1":{"start":{"line":9,"column":19},"end":{"line":9,"column":335}},"2":{"start":{"line":10,"column":2},"end":{"line":10,"column":31}},"3":{"start":{"line":15,"column":14},"end":{"line":15,"column":24}},"4":{"start":{"line":16,"column":2},"end":{"line":16,"column":22}},"5":{"start":{"line":21,"column":14},"end":{"line":21,"column":24}},"6":{"start":{"line":22,"column":2},"end":{"line":22,"column":22}},"7":{"start":{"line":27,"column":14},"end":{"line":27,"column":27}},"8":{"start":{"line":28,"column":2},"end":{"line":28,"column":22}}},"fnMap":{"0":{"name":"isvalidUsername","decl":{"start":{"line":1,"column":16},"end":{"line":1,"column":31}},"loc":{"start":{"line":1,"column":37},"end":{"line":5,"column":1}},"line":1},"1":{"name":"validateURL","decl":{"start":{"line":8,"column":16},"end":{"line":8,"column":27}},"loc":{"start":{"line":8,"column":37},"end":{"line":11,"column":1}},"line":8},"2":{"name":"validateLowerCase","decl":{"start":{"line":14,"column":16},"end":{"line":14,"column":33}},"loc":{"start":{"line":14,"column":39},"end":{"line":17,"column":1}},"line":14},"3":{"name":"validateUpperCase","decl":{"start":{"line":20,"column":16},"end":{"line":20,"column":33}},"loc":{"start":{"line":20,"column":39},"end":{"line":23,"column":1}},"line":20},"4":{"name":"validatAlphabets","decl":{"start":{"line":26,"column":16},"end":{"line":26,"column":32}},"loc":{"start":{"line":26,"column":38},"end":{"line":29,"column":1}},"line":26}},"branchMap":{},"s":{"0":0,"1":0,"2":0,"3":0,"4":0,"5":0,"6":0,"7":0,"8":0},"f":{"0":0,"1":0,"2":0,"3":0,"4":0},"b":{},"_coverageSchema":"1a1c01bbd47fc00a2c39e90264f33305004495a9","hash":"2377a46fe4a1d22d41f9292af693f5f295cb3527"}
,"/Users/ngmm/m-workspace/admin-v2/src/views/login/index.vue": {"path":"/Users/ngmm/m-workspace/admin-v2/src/views/login/index.vue","statementMap":{"0":{"start":{"line":1,"column":0},"end":{"line":1,"column":null}}},"fnMap":{"0":{"name":"(anonymous_0)","decl":{"start":{"line":1,"column":0},"end":{"line":1,"column":null}},"loc":{"start":{"line":1,"column":0},"end":{"line":1,"column":null}}}},"branchMap":{"0":{"loc":{"start":{"line":1,"column":0},"end":{"line":1,"column":null}},"type":"cond-expr","locations":[{"start":{"line":1,"column":0},"end":{"line":1,"column":null}},{"start":{"line":1,"column":0},"end":{"line":1,"column":null}}]},"1":{"loc":{"start":{"line":1,"column":0},"end":{"line":1,"column":null}},"type":"if","locations":[{"start":{"line":1,"column":0},"end":{"line":1,"column":null}}]}},"s":{"0":9},"f":{"0":2},"b":{"0":[0,0],"1":[0]}}
,"/Users/ngmm/m-workspace/admin-v2/src/views/page/index.vue": {"path":"/Users/ngmm/m-workspace/admin-v2/src/views/page/index.vue","statementMap":{"0":{"start":{"line":1,"column":0},"end":{"line":1,"column":null}}},"fnMap":{"0":{"name":"(anonymous_0)","decl":{"start":{"line":1,"column":0},"end":{"line":1,"column":null}},"loc":{"start":{"line":1,"column":0},"end":{"line":1,"column":null}}}},"branchMap":{},"s":{"0":3},"f":{"0":0},"b":{}}
}
